<?xml version="1.0" encoding="UTF-8"?>
<!-- Generated by org.testng.reporters.JUnitReportReporter -->
<testsuite hostname="CAMI-PC" failures="0" tests="1" name="pruebas.PracticaSwagLabs" time="0.598" errors="0" timestamp="2023-07-24T21:17:56 ART" skipped="0">
  <testcase classname="pruebas.PracticaSwagLabs" name="login" time="0.598"/>
  <system-out/>
</testsuite> <!-- pruebas.PracticaSwagLabs -->
